[htmlstream.com/preview/front-v1.3/html/home/index.html]
[backblue.gif]
[fade.gif]
[index.html]
[htmlstream.com/preview/front-v1.3/html/home/classic-crypto.html]
[htmlstream.com/preview/front-v1.3/html/home/classic-business.html]
[htmlstream.com/preview/front-v1.3/html/home/classic-marketing.html]
[htmlstream.com/preview/front-v1.3/html/home/classic-consulting.html]
[htmlstream.com/preview/front-v1.3/html/home/corporate-agency.html]
[htmlstream.com/preview/front-v1.3/html/home/corporate-start-up.html]
[htmlstream.com/preview/front-v1.3/html/home/corporate-business.html]
[htmlstream.com/preview/front-v1.3/html/home/landing-house.html]
[htmlstream.com/preview/front-v1.3/html/home/landing-job.html]
[htmlstream.com/preview/front-v1.3/html/home/blog-agency.html]
[htmlstream.com/preview/front-v1.3/html/home/blog-start-up.html]
[htmlstream.com/preview/front-v1.3/html/home/blog-business.html]
[htmlstream.com/preview/front-v1.3/html/home/portfolio-agency.html]
[htmlstream.com/preview/front-v1.3/html/home/index.html]
[htmlstream.com/preview/front-v1.3/html/home/classic-crypto.html]
[htmlstream.com/preview/front-v1.3/html/home/classic-business.html]
[htmlstream.com/preview/front-v1.3/html/home/classic-marketing.html]
[htmlstream.com/preview/front-v1.3/html/home/classic-consulting.html]
[htmlstream.com/preview/front-v1.3/html/home/corporate-agency.html]
[htmlstream.com/preview/front-v1.3/html/home/portfolio-profile.html]
[htmlstream.com/preview/front-v1.3/html/home/corporate-start-up.html]
[htmlstream.com/preview/front-v1.3/html/home/corporate-business.html]
[htmlstream.com/preview/front-v1.3/html/home/landing-house.html]
[htmlstream.com/preview/front-v1.3/html/home/landing-job.html]
[htmlstream.com/preview/front-v1.3/html/home/blog-agency.html]
[htmlstream.com/preview/front-v1.3/html/home/blog-start-up.html]
[htmlstream.com/preview/front-v1.3/html/home/blog-business.html]
[htmlstream.com/preview/front-v1.3/html/home/portfolio-agency.html]
[htmlstream.com/preview/front-v1.3/html/home/{{link}}]
[htmlstream.com/preview/front-v1.3/html/home/{{image}}]
[htmlstream.com/preview/front-v1.3/html/home/portfolio-profile.html]
[htmlstream.com/preview/front-v1.3/html/home/{{link}}.html]
[htmlstream.com/preview/front-v1.3/html/home/{{image}}.html]
